<?xml version="1.0" encoding="UTF-8"?>
<testng-results ignored="0" total="1" passed="1" failed="0" skipped="0">
  <reporter-output>
  </reporter-output>
  <suite started-at="2024-11-10T15:27:39 EST" name="Default suite" finished-at="2024-11-10T15:27:43 EST" duration-ms="3686">
    <groups>
    </groups>
    <test started-at="2024-11-10T15:27:39 EST" name="Default test" finished-at="2024-11-10T15:27:43 EST" duration-ms="3686">
      <class name="AnilsLearningPackage.ExtentReports.ExtentReportTest">
        <test-method is-config="true" signature="config()[pri:0, instance:AnilsLearningPackage.ExtentReports.ExtentReportTest@4808bc9b]" started-at="2024-11-10T15:27:39 EST" name="config" finished-at="2024-11-10T15:27:39 EST" duration-ms="150" status="PASS">
          <reporter-output>
          </reporter-output>
        </test-method> <!-- config -->
        <test-method signature="initialDemo()[pri:0, instance:AnilsLearningPackage.ExtentReports.ExtentReportTest@4808bc9b]" started-at="2024-11-10T15:27:39 EST" name="initialDemo" finished-at="2024-11-10T15:27:43 EST" duration-ms="3479" status="PASS">
          <reporter-output>
          </reporter-output>
        </test-method> <!-- initialDemo -->
        <test-method is-config="true" signature="afterMethod()[pri:0, instance:AnilsLearningPackage.ExtentReports.ExtentReportTest@4808bc9b]" started-at="2024-11-10T15:27:43 EST" name="afterMethod" finished-at="2024-11-10T15:27:43 EST" duration-ms="2" status="PASS">
          <reporter-output>
          </reporter-output>
        </test-method> <!-- afterMethod -->
        <test-method is-config="true" signature="afterSuiteMethod()[pri:0, instance:AnilsLearningPackage.ExtentReports.ExtentReportTest@4808bc9b]" started-at="2024-11-10T15:27:43 EST" name="afterSuiteMethod" finished-at="2024-11-10T15:27:43 EST" duration-ms="1" status="PASS">
          <reporter-output>
          </reporter-output>
        </test-method> <!-- afterSuiteMethod -->
      </class> <!-- AnilsLearningPackage.ExtentReports.ExtentReportTest -->
    </test> <!-- Default test -->
  </suite> <!-- Default suite -->
</testng-results>
