<?xml version="1.0" encoding="UTF-8"?>
<!-- Generated by org.testng.reporters.JUnitXMLReporter -->
<testsuite ignored="0" hostname="anils-MSI-Prestige14" failures="0" tests="3" name="Default test" time="1.082" errors="0" timestamp="2024-11-19T08:09:44 EST">
  <testcase classname="DataDriven4_chatGPTcode_dataProvider_and_mainMethod" name="testWithExcelData" time="0.007"/>
  <testcase classname="DataDriven4_chatGPTcode_dataProvider_and_mainMethod" name="testWithExcelData" time="0.001"/>
  <testcase classname="DataDriven4_chatGPTcode_dataProvider_and_mainMethod" name="testWithExcelData" time="0.001"/>
</testsuite> <!-- Default test -->
