<?xml version="1.0" encoding="UTF-8"?>
<testng-results ignored="0" total="1" passed="1" failed="0" skipped="0">
  <reporter-output>
  </reporter-output>
  <suite started-at="2024-11-02T13:27:37 EDT" name="Default suite" finished-at="2024-11-02T13:27:37 EDT" duration-ms="72">
    <groups>
    </groups>
    <test started-at="2024-11-02T13:27:37 EDT" name="Default test" finished-at="2024-11-02T13:27:37 EDT" duration-ms="72">
      <class name="Chapter15_02_Selenium_40_Latest_Features">
        <test-method signature="Demo()[pri:0, instance:Chapter15_02_Selenium_40_Latest_Features@52719fb6]" started-at="2024-11-02T13:27:37 EDT" name="Demo" finished-at="2024-11-02T13:27:37 EDT" duration-ms="10" status="PASS">
          <reporter-output>
          </reporter-output>
        </test-method> <!-- Demo -->
      </class> <!-- Chapter15_02_Selenium_40_Latest_Features -->
    </test> <!-- Default test -->
  </suite> <!-- Default suite -->
</testng-results>
