<?xml version="1.0" encoding="UTF-8"?>
<testng-results ignored="0" total="3" passed="3" failed="0" skipped="0">
  <reporter-output>
  </reporter-output>
  <suite started-at="2024-11-19T08:09:43 EST" name="Default suite" finished-at="2024-11-19T08:09:44 EST" duration-ms="1082">
    <groups>
    </groups>
    <test started-at="2024-11-19T08:09:43 EST" name="Default test" finished-at="2024-11-19T08:09:44 EST" duration-ms="1082">
      <class name="DataDriven4_chatGPTcode_dataProvider_and_mainMethod">
        <test-method signature="testWithExcelData(java.lang.String,java.lang.String,java.lang.String)[pri:0, instance:DataDriven4_chatGPTcode_dataProvider_and_mainMethod@55634720]" started-at="2024-11-19T08:09:44 EST" name="testWithExcelData" data-provider="ExcelData" finished-at="2024-11-19T08:09:44 EST" duration-ms="7" status="PASS">
          <params>
            <param index="0">
              <value>
                <![CDATA[a]]>
              </value>
            </param>
            <param index="1">
              <value>
                <![CDATA[b]]>
              </value>
            </param>
            <param index="2">
              <value>
                <![CDATA[c]]>
              </value>
            </param>
          </params>
          <reporter-output>
          </reporter-output>
        </test-method> <!-- testWithExcelData -->
        <test-method signature="testWithExcelData(java.lang.String,java.lang.String,java.lang.String)[pri:0, instance:DataDriven4_chatGPTcode_dataProvider_and_mainMethod@55634720]" started-at="2024-11-19T08:09:44 EST" name="testWithExcelData" data-provider="ExcelData" finished-at="2024-11-19T08:09:44 EST" duration-ms="1" status="PASS">
          <params>
            <param index="0">
              <value>
                <![CDATA[d]]>
              </value>
            </param>
            <param index="1">
              <value>
                <![CDATA[e]]>
              </value>
            </param>
            <param index="2">
              <value>
                <![CDATA[f]]>
              </value>
            </param>
          </params>
          <reporter-output>
          </reporter-output>
        </test-method> <!-- testWithExcelData -->
        <test-method signature="testWithExcelData(java.lang.String,java.lang.String,java.lang.String)[pri:0, instance:DataDriven4_chatGPTcode_dataProvider_and_mainMethod@55634720]" started-at="2024-11-19T08:09:44 EST" name="testWithExcelData" data-provider="ExcelData" finished-at="2024-11-19T08:09:44 EST" duration-ms="1" status="PASS">
          <params>
            <param index="0">
              <value>
                <![CDATA[g]]>
              </value>
            </param>
            <param index="1">
              <value>
                <![CDATA[h]]>
              </value>
            </param>
            <param index="2">
              <value>
                <![CDATA[i]]>
              </value>
            </param>
          </params>
          <reporter-output>
          </reporter-output>
        </test-method> <!-- testWithExcelData -->
      </class> <!-- DataDriven4_chatGPTcode_dataProvider_and_mainMethod -->
    </test> <!-- Default test -->
  </suite> <!-- Default suite -->
</testng-results>
